<?xml version="1.0" encoding="UTF-8"?>
<!-- Generated by org.testng.reporters.JUnitReportReporter -->
<testsuite skipped="0" hostname="DESKTOP-TOPLHO1" name="AssertDemo" tests="1" failures="0" timestamp="08 Jan 2020 08:36:13 GMT" time="0.008" errors="0">
  <testcase name="assertDemo" time="0.008" classname="AssertDemo"/>
</testsuite> <!-- AssertDemo -->
