<?xml version="1.0" encoding="UTF-8"?>
<!-- Generated by org.testng.reporters.JUnitReportReporter -->
<testsuite skipped="0" hostname="DESKTOP-TOPLHO1" name="SoftAssertDemo" tests="1" failures="0" timestamp="08 Jan 2020 09:31:00 GMT" time="0.025" errors="0">
  <testcase name="assertDemo" time="0.025" classname="SoftAssertDemo"/>
</testsuite> <!-- SoftAssertDemo -->
