<?xml version="1.0" encoding="UTF-8"?>
<!-- Generated by org.testng.reporters.JUnitReportReporter -->
<testsuite skipped="0" hostname="DESKTOP-TOPLHO1" name="TestNgDemoB" tests="2" failures="0" timestamp="08 Jan 2020 04:36:05 GMT" time="63.616" errors="0">
  <testcase name="demo1" time="28.733" classname="TestNgDemoB"/>
  <testcase name="demo" time="34.883" classname="TestNgDemoB"/>
</testsuite> <!-- TestNgDemoB -->
