<?xml version="1.0" encoding="UTF-8"?>
<!-- Generated by org.testng.reporters.JUnitReportReporter -->
<testsuite skipped="0" hostname="DESKTOP-TOPLHO1" name="TestNgDemo2" tests="2" failures="0" timestamp="06 Jan 2020 08:59:25 GMT" time="40.749" errors="0">
  <testcase name="demo1" time="21.349" classname="TestNgDemo2"/>
  <testcase name="demo" time="19.400" classname="TestNgDemo2"/>
</testsuite> <!-- TestNgDemo2 -->
