<?xml version="1.0" encoding="UTF-8"?>
<!-- Generated by org.testng.reporters.JUnitReportReporter -->
<testsuite skipped="0" hostname="DESKTOP-TOPLHO1" name="DataProviderA" tests="3" failures="0" timestamp="08 Jan 2020 10:26:47 GMT" time="0.008" errors="0">
  <testcase name="createUser" time="0.006" classname="DataProviderA"/>
  <testcase name="createUser" time="0.001" classname="DataProviderA"/>
  <testcase name="createUser" time="0.001" classname="DataProviderA"/>
</testsuite> <!-- DataProviderA -->
