<?xml version="1.0" encoding="UTF-8"?>
<!-- Generated by org.testng.reporters.JUnitReportReporter -->
<testsuite skipped="0" hostname="DESKTOP-TOPLHO1" name="AssertDemoA" tests="1" failures="0" timestamp="08 Jan 2020 09:18:09 GMT" time="0.009" errors="0">
  <testcase name="assertDemo" time="0.009" classname="AssertDemoA"/>
</testsuite> <!-- AssertDemoA -->
