<?xml version="1.0" encoding="UTF-8"?>
<!-- Generated by org.testng.reporters.JUnitReportReporter -->
<testsuite skipped="0" hostname="DESKTOP-TOPLHO1" name="groupsDemo" tests="6" failures="0" timestamp="07 Jan 2020 08:24:38 GMT" time="0.014" errors="0">
  <testcase name="Demo5" time="0.001" classname="groupsDemo"/>
  <testcase name="Demo1" time="0.001" classname="groupsDemo"/>
  <testcase name="Demo3" time="0.001" classname="groupsDemo"/>
  <testcase name="Demo2" time="0.007" classname="groupsDemo"/>
  <testcase name="Demo4" time="0.002" classname="groupsDemo"/>
  <testcase name="Demo" time="0.002" classname="groupsDemo"/>
</testsuite> <!-- groupsDemo -->
