<?xml version="1.0" encoding="UTF-8"?>
<!-- Generated by org.testng.reporters.JUnitReportReporter -->
<testsuite skipped="0" hostname="DESKTOP-TOPLHO1" name="groupA" tests="4" failures="0" timestamp="07 Jan 2020 08:43:54 GMT" time="0.013" errors="0">
  <testcase name="Demo" time="0.002" classname="groupA"/>
  <testcase name="Demo2" time="0.002" classname="groupA"/>
  <testcase name="Demo1" time="0.007" classname="groupA"/>
  <testcase name="Demo3" time="0.002" classname="groupA"/>
</testsuite> <!-- groupA -->
