<?xml version="1.0" encoding="UTF-8"?>
<!-- Generated by org.testng.reporters.JUnitReportReporter -->
<testsuite skipped="0" hostname="DESKTOP-TOPLHO1" name="TestNgDemo" tests="1" failures="0" timestamp="07 Jan 2020 09:53:16 GMT" time="22.287" errors="0">
  <testcase name="demo" time="22.287" classname="TestNgDemo"/>
</testsuite> <!-- TestNgDemo -->
